<?xml version="1.0" encoding="UTF-8"?>
<testng-results ignored="0" total="1" passed="1" failed="0" skipped="0">
  <reporter-output>
  </reporter-output>
  <suite started-at="2024-05-04T10:38:55 IST" name="Default suite" finished-at="2024-05-04T10:40:54 IST" duration-ms="119561">
    <groups>
    </groups>
    <test started-at="2024-05-04T10:38:55 IST" name="Default test" finished-at="2024-05-04T10:40:54 IST" duration-ms="119561">
      <class name="LocalTestExecution">
        <test-method signature="launchBrowser()[pri:0, instance:LocalTestExecution@53ce1329]" started-at="2024-05-04T10:38:55 IST" name="launchBrowser" finished-at="2024-05-04T10:40:54 IST" duration-ms="119344" status="PASS">
          <reporter-output>
          </reporter-output>
        </test-method> <!-- launchBrowser -->
      </class> <!-- LocalTestExecution -->
    </test> <!-- Default test -->
  </suite> <!-- Default suite -->
</testng-results>
